<?xml version="1.0" encoding="UTF-8"?>
<!-- Generated by org.testng.reporters.JUnitReportReporter -->
<testsuite hostname="LAPTOP-EKP2DLKU" failures="0" tests="4" name="com.BrowserCommands.CaseStudy.Commands" time="28.077" errors="0" timestamp="2026-08-20T12:30:25 IST" skipped="0">
  <testcase classname="com.BrowserCommands.CaseStudy.Commands" name="AutomationPractice" time="5.271"/>
  <testcase classname="com.BrowserCommands.CaseStudy.Commands" name="Webkul" time="5.424"/>
  <testcase classname="com.BrowserCommands.CaseStudy.Commands" name="EasyCalculation" time="11.602"/>
  <testcase classname="com.BrowserCommands.CaseStudy.Commands" name="Hiox" time="5.780"/>
</testsuite> <!-- com.BrowserCommands.CaseStudy.Commands -->
